Warning: file 'test.hex' for memory 'tests' has a gap at addresses 12 to 15.
Start test  0
A[   0,:] <V 'h00000001 'h00000000 'h00000000 'h00000000 'h00000000 'h00000000 'h00000000 'h00000000 'h00000000 'h00000000 'h00000000 'h00000000 'h00000000 'h00000000 'h00000000 'h00000000  >
B[   0,:] <V 'h00000001 'h00000000 'h00000000 'h00000000 'h00000000 'h00000000 'h00000000 'h00000000 'h00000000 'h00000000 'h00000000 'h00000000 'h00000000 'h00000000 'h00000000 'h00000000  >
A[   1,:] <V 'h00000000 'h00000001 'h00000000 'h00000000 'h00000000 'h00000000 'h00000000 'h00000000 'h00000000 'h00000000 'h00000000 'h00000000 'h00000000 'h00000000 'h00000000 'h00000000  >
B[   1,:] <V 'h00000000 'h00000001 'h00000000 'h00000000 'h00000000 'h00000000 'h00000000 'h00000000 'h00000000 'h00000000 'h00000000 'h00000000 'h00000000 'h00000000 'h00000000 'h00000000  >
A[   2,:] <V 'h00000000 'h00000000 'h00000001 'h00000000 'h00000000 'h00000000 'h00000000 'h00000000 'h00000000 'h00000000 'h00000000 'h00000000 'h00000000 'h00000000 'h00000000 'h00000000  >
B[   2,:] <V 'h00000000 'h00000000 'h00000001 'h00000000 'h00000000 'h00000000 'h00000000 'h00000000 'h00000000 'h00000000 'h00000000 'h00000000 'h00000000 'h00000000 'h00000000 'h00000000  >
A[   3,:] <V 'h00000000 'h00000000 'h00000000 'h00000001 'h00000000 'h00000000 'h00000000 'h00000000 'h00000000 'h00000000 'h00000000 'h00000000 'h00000000 'h00000000 'h00000000 'h00000000  >
B[   3,:] <V 'h00000000 'h00000000 'h00000000 'h00000001 'h00000000 'h00000000 'h00000000 'h00000000 'h00000000 'h00000000 'h00000000 'h00000000 'h00000000 'h00000000 'h00000000 'h00000000  >
A[   4,:] <V 'h00000000 'h00000000 'h00000000 'h00000000 'h00000001 'h00000000 'h00000000 'h00000000 'h00000000 'h00000000 'h00000000 'h00000000 'h00000000 'h00000000 'h00000000 'h00000000  >
B[   4,:] <V 'h00000000 'h00000000 'h00000000 'h00000000 'h00000001 'h00000000 'h00000000 'h00000000 'h00000000 'h00000000 'h00000000 'h00000000 'h00000000 'h00000000 'h00000000 'h00000000  >
A[   5,:] <V 'h00000000 'h00000000 'h00000000 'h00000000 'h00000000 'h00000001 'h00000000 'h00000000 'h00000000 'h00000000 'h00000000 'h00000000 'h00000000 'h00000000 'h00000000 'h00000000  >
B[   5,:] <V 'h00000000 'h00000000 'h00000000 'h00000000 'h00000000 'h00000001 'h00000000 'h00000000 'h00000000 'h00000000 'h00000000 'h00000000 'h00000000 'h00000000 'h00000000 'h00000000  >
A[   6,:] <V 'h00000000 'h00000000 'h00000000 'h00000000 'h00000000 'h00000000 'h00000001 'h00000000 'h00000000 'h00000000 'h00000000 'h00000000 'h00000000 'h00000000 'h00000000 'h00000000  >
B[   6,:] <V 'h00000000 'h00000000 'h00000000 'h00000000 'h00000000 'h00000000 'h00000001 'h00000000 'h00000000 'h00000000 'h00000000 'h00000000 'h00000000 'h00000000 'h00000000 'h00000000  >
A[   7,:] <V 'h00000000 'h00000000 'h00000000 'h00000000 'h00000000 'h00000000 'h00000000 'h00000001 'h00000000 'h00000000 'h00000000 'h00000000 'h00000000 'h00000000 'h00000000 'h00000000  >
B[   7,:] <V 'h00000000 'h00000000 'h00000000 'h00000000 'h00000000 'h00000000 'h00000000 'h00000001 'h00000000 'h00000000 'h00000000 'h00000000 'h00000000 'h00000000 'h00000000 'h00000000  >
A[   8,:] <V 'h00000000 'h00000000 'h00000000 'h00000000 'h00000000 'h00000000 'h00000000 'h00000000 'h00000001 'h00000000 'h00000000 'h00000000 'h00000000 'h00000000 'h00000000 'h00000000  >
B[   8,:] <V 'h00000000 'h00000000 'h00000000 'h00000000 'h00000000 'h00000000 'h00000000 'h00000000 'h00000001 'h00000000 'h00000000 'h00000000 'h00000000 'h00000000 'h00000000 'h00000000  >
A[   9,:] <V 'h00000000 'h00000000 'h00000000 'h00000000 'h00000000 'h00000000 'h00000000 'h00000000 'h00000000 'h00000001 'h00000000 'h00000000 'h00000000 'h00000000 'h00000000 'h00000000  >
B[   9,:] <V 'h00000000 'h00000000 'h00000000 'h00000000 'h00000000 'h00000000 'h00000000 'h00000000 'h00000000 'h00000001 'h00000000 'h00000000 'h00000000 'h00000000 'h00000000 'h00000000  >
A[  10,:] <V 'h00000000 'h00000000 'h00000000 'h00000000 'h00000000 'h00000000 'h00000000 'h00000000 'h00000000 'h00000000 'h00000001 'h00000000 'h00000000 'h00000000 'h00000000 'h00000000  >
B[  10,:] <V 'h00000000 'h00000000 'h00000000 'h00000000 'h00000000 'h00000000 'h00000000 'h00000000 'h00000000 'h00000000 'h00000001 'h00000000 'h00000000 'h00000000 'h00000000 'h00000000  >
A[  11,:] <V 'h00000000 'h00000000 'h00000000 'h00000000 'h00000000 'h00000000 'h00000000 'h00000000 'h00000000 'h00000000 'h00000000 'h00000001 'h00000000 'h00000000 'h00000000 'h00000000  >
B[  11,:] <V 'h00000000 'h00000000 'h00000000 'h00000000 'h00000000 'h00000000 'h00000000 'h00000000 'h00000000 'h00000000 'h00000000 'h00000001 'h00000000 'h00000000 'h00000000 'h00000000  >
A[  12,:] <V 'h00000000 'h00000000 'h00000000 'h00000000 'h00000000 'h00000000 'h00000000 'h00000000 'h00000000 'h00000000 'h00000000 'h00000000 'h00000001 'h00000000 'h00000000 'h00000000  >
B[  12,:] <V 'h00000000 'h00000000 'h00000000 'h00000000 'h00000000 'h00000000 'h00000000 'h00000000 'h00000000 'h00000000 'h00000000 'h00000000 'h00000001 'h00000000 'h00000000 'h00000000  >
A[  13,:] <V 'h00000000 'h00000000 'h00000000 'h00000000 'h00000000 'h00000000 'h00000000 'h00000000 'h00000000 'h00000000 'h00000000 'h00000000 'h00000000 'h00000001 'h00000000 'h00000000  >
B[  13,:] <V 'h00000000 'h00000000 'h00000000 'h00000000 'h00000000 'h00000000 'h00000000 'h00000000 'h00000000 'h00000000 'h00000000 'h00000000 'h00000000 'h00000001 'h00000000 'h00000000  >
A[  14,:] <V 'h00000000 'h00000000 'h00000000 'h00000000 'h00000000 'h00000000 'h00000000 'h00000000 'h00000000 'h00000000 'h00000000 'h00000000 'h00000000 'h00000000 'h00000001 'h00000000  >
B[  14,:] <V 'h00000000 'h00000000 'h00000000 'h00000000 'h00000000 'h00000000 'h00000000 'h00000000 'h00000000 'h00000000 'h00000000 'h00000000 'h00000000 'h00000000 'h00000001 'h00000000  >
A[  15,:] <V 'h00000000 'h00000000 'h00000000 'h00000000 'h00000000 'h00000000 'h00000000 'h00000000 'h00000000 'h00000000 'h00000000 'h00000000 'h00000000 'h00000000 'h00000000 'h00000001  >
B[  15,:] <V 'h00000000 'h00000000 'h00000000 'h00000000 'h00000000 'h00000000 'h00000000 'h00000000 'h00000000 'h00000000 'h00000000 'h00000000 'h00000000 'h00000000 'h00000000 'h00000001  >
Rows    0 matches
Rows    1 matches
Rows    2 matches
Rows    3 matches
Rows    4 matches
Rows    5 matches
Rows    6 matches
Rows    7 matches
Rows    8 matches
Rows    9 matches
Rows   10 matches
Rows   11 matches
Rows   12 matches
Rows   13 matches
Rows   14 matches
Rows   15 matches
Test  0 passed
Start test  1
A[   0,:] <V 'h00000001 'h00000000 'h00000000 'h00000000 'h00000000 'h00000000 'h00000000 'h00000000 'h00000000 'h00000000 'h00000000 'h00000000 'h00000000 'h00000000 'h00000000 'h00000000  >
B[   0,:] <V 'h00000001 'h00000000 'h00000000 'h00000000 'h00000000 'h00000000 'h00000000 'h00000000 'h00000000 'h00000000 'h00000000 'h00000000 'h00000000 'h00000000 'h00000000 'h00000000  >
A[   1,:] <V 'h00000000 'h00000001 'h00000000 'h00000000 'h00000000 'h00000000 'h00000000 'h00000000 'h00000000 'h00000000 'h00000000 'h00000000 'h00000000 'h00000000 'h00000000 'h00000000  >
B[   1,:] <V 'h00000000 'h00000001 'h00000000 'h00000000 'h00000000 'h00000000 'h00000000 'h00000000 'h00000000 'h00000000 'h00000000 'h00000000 'h00000000 'h00000000 'h00000000 'h00000000  >
A[   2,:] <V 'h00000000 'h00000000 'h00000001 'h00000000 'h00000000 'h00000000 'h00000000 'h00000000 'h00000000 'h00000000 'h00000000 'h00000000 'h00000000 'h00000000 'h00000000 'h00000000  >
B[   2,:] <V 'h00000000 'h00000000 'h00000001 'h00000000 'h00000000 'h00000000 'h00000000 'h00000000 'h00000000 'h00000000 'h00000000 'h00000000 'h00000000 'h00000000 'h00000000 'h00000000  >
A[   3,:] <V 'h00000000 'h00000000 'h00000000 'h00000001 'h00000000 'h00000000 'h00000000 'h00000000 'h00000000 'h00000000 'h00000000 'h00000000 'h00000000 'h00000000 'h00000000 'h00000000  >
B[   3,:] <V 'h00000000 'h00000000 'h00000000 'h00000001 'h00000000 'h00000000 'h00000000 'h00000000 'h00000000 'h00000000 'h00000000 'h00000000 'h00000000 'h00000000 'h00000000 'h00000000  >
A[   4,:] <V 'h00000000 'h00000000 'h00000000 'h00000000 'h00000001 'h00000000 'h00000000 'h00000000 'h00000000 'h00000000 'h00000000 'h00000000 'h00000000 'h00000000 'h00000000 'h00000000  >
B[   4,:] <V 'h00000000 'h00000000 'h00000000 'h00000000 'h00000001 'h00000000 'h00000000 'h00000000 'h00000000 'h00000000 'h00000000 'h00000000 'h00000000 'h00000000 'h00000000 'h00000000  >
A[   5,:] <V 'h00000000 'h00000000 'h00000000 'h00000000 'h00000000 'h00000001 'h00000000 'h00000000 'h00000000 'h00000000 'h00000000 'h00000000 'h00000000 'h00000000 'h00000000 'h00000000  >
B[   5,:] <V 'h00000000 'h00000000 'h00000000 'h00000000 'h00000000 'h00000001 'h00000000 'h00000000 'h00000000 'h00000000 'h00000000 'h00000000 'h00000000 'h00000000 'h00000000 'h00000000  >
A[   6,:] <V 'h00000000 'h00000000 'h00000000 'h00000000 'h00000000 'h00000000 'h00000001 'h00000000 'h00000000 'h00000000 'h00000000 'h00000000 'h00000000 'h00000000 'h00000000 'h00000000  >
B[   6,:] <V 'h00000000 'h00000000 'h00000000 'h00000000 'h00000000 'h00000000 'h00000001 'h00000000 'h00000000 'h00000000 'h00000000 'h00000000 'h00000000 'h00000000 'h00000000 'h00000000  >
A[   7,:] <V 'h00000000 'h00000000 'h00000000 'h00000000 'h00000000 'h00000000 'h00000000 'h00000001 'h00000000 'h00000000 'h00000000 'h00000000 'h00000000 'h00000000 'h00000000 'h00000000  >
B[   7,:] <V 'h00000000 'h00000000 'h00000000 'h00000000 'h00000000 'h00000000 'h00000000 'h00000001 'h00000000 'h00000000 'h00000000 'h00000000 'h00000000 'h00000000 'h00000000 'h00000000  >
A[   8,:] <V 'h00000000 'h00000000 'h00000000 'h00000000 'h00000000 'h00000000 'h00000000 'h00000000 'h00000001 'h00000000 'h00000000 'h00000000 'h00000000 'h00000000 'h00000000 'h00000000  >
B[   8,:] <V 'h00000000 'h00000000 'h00000000 'h00000000 'h00000000 'h00000000 'h00000000 'h00000000 'h00000001 'h00000000 'h00000000 'h00000000 'h00000000 'h00000000 'h00000000 'h00000000  >
A[   9,:] <V 'h00000000 'h00000000 'h00000000 'h00000000 'h00000000 'h00000000 'h00000000 'h00000000 'h00000000 'h00000001 'h00000000 'h00000000 'h00000000 'h00000000 'h00000000 'h00000000  >
B[   9,:] <V 'h00000000 'h00000000 'h00000000 'h00000000 'h00000000 'h00000000 'h00000000 'h00000000 'h00000000 'h00000001 'h00000000 'h00000000 'h00000000 'h00000000 'h00000000 'h00000000  >
A[  10,:] <V 'h00000000 'h00000000 'h00000000 'h00000000 'h00000000 'h00000000 'h00000000 'h00000000 'h00000000 'h00000000 'h00000001 'h00000000 'h00000000 'h00000000 'h00000000 'h00000000  >
B[  10,:] <V 'h00000000 'h00000000 'h00000000 'h00000000 'h00000000 'h00000000 'h00000000 'h00000000 'h00000000 'h00000000 'h00000001 'h00000000 'h00000000 'h00000000 'h00000000 'h00000000  >
A[  11,:] <V 'h00000000 'h00000000 'h00000000 'h00000000 'h00000000 'h00000000 'h00000000 'h00000000 'h00000000 'h00000000 'h00000000 'h00000001 'h00000000 'h00000000 'h00000000 'h00000000  >
B[  11,:] <V 'h00000000 'h00000000 'h00000000 'h00000000 'h00000000 'h00000000 'h00000000 'h00000000 'h00000000 'h00000000 'h00000000 'h00000001 'h00000000 'h00000000 'h00000000 'h00000000  >
A[  12,:] <V 'h00000000 'h00000000 'h00000000 'h00000000 'h00000000 'h00000000 'h00000000 'h00000000 'h00000000 'h00000000 'h00000000 'h00000000 'h00000001 'h00000000 'h00000000 'h00000000  >
B[  12,:] <V 'h00000000 'h00000000 'h00000000 'h00000000 'h00000000 'h00000000 'h00000000 'h00000000 'h00000000 'h00000000 'h00000000 'h00000000 'h00000001 'h00000000 'h00000000 'h00000000  >
A[  13,:] <V 'h00000000 'h00000000 'h00000000 'h00000000 'h00000000 'h00000000 'h00000000 'h00000000 'h00000000 'h00000000 'h00000000 'h00000000 'h00000000 'h00000001 'h00000000 'h00000000  >
B[  13,:] <V 'h00000000 'h00000000 'h00000000 'h00000000 'h00000000 'h00000000 'h00000000 'h00000000 'h00000000 'h00000000 'h00000000 'h00000000 'h00000000 'h00000001 'h00000000 'h00000000  >
A[  14,:] <V 'h00000000 'h00000000 'h00000000 'h00000000 'h00000000 'h00000000 'h00000000 'h00000000 'h00000000 'h00000000 'h00000000 'h00000000 'h00000000 'h00000000 'h00000001 'h00000000  >
B[  14,:] <V 'h00000000 'h00000000 'h00000000 'h00000000 'h00000000 'h00000000 'h00000000 'h00000000 'h00000000 'h00000000 'h00000000 'h00000000 'h00000000 'h00000000 'h00000001 'h00000000  >
A[  15,:] <V 'h00000000 'h00000000 'h00000000 'h00000000 'h00000000 'h00000000 'h00000000 'h00000000 'h00000000 'h00000000 'h00000000 'h00000000 'h00000000 'h00000000 'h00000000 'h00000001  >
B[  15,:] <V 'h00000000 'h00000000 'h00000000 'h00000000 'h00000000 'h00000000 'h00000000 'h00000000 'h00000000 'h00000000 'h00000000 'h00000000 'h00000000 'h00000000 'h00000000 'h00000001  >
Rows    0 matches
Rows    1 matches
Rows    2 matches
Rows    3 matches
Rows    4 matches
Rows    5 matches
Rows    6 matches
Rows    7 matches
Rows    8 matches
Rows    9 matches
Rows   10 matches
Rows   11 matches
Rows   12 matches
Rows   13 matches
Rows   14 matches
Rows   15 matches
Test  1 passed
Start test  2
A[   0,:] <V 'h00000084 'h00000324 'h000001d8 'h000002b2 'h00000283 'h0000027a 'h00000348 'h00000004 'h000003ea 'h000003d2 'h000003f6 'h0000019d 'h00000187 'h00000193 'h00000082 'h000002e2  >
B[   0,:] <V 'h000001db 'h000000f1 'h0000007d 'h000003db 'h00000081 'h00000229 'h000001fc 'h000002e8 'h00000205 'h00000068 'h000003cc 'h00000182 'h00000350 'h00000106 'h000002ca 'h00000180  >
A[   1,:] <V 'h000003c1 'h00000096 'h0000014d 'h000002d6 'h000000f8 'h0000001d 'h00000156 'h00000277 'h0000007c 'h00000197 'h00000296 'h00000153 'h000003fb 'h00000112 'h00000275 'h000002e0  >
B[   1,:] <V 'h000002a8 'h0000034a 'h00000336 'h00000293 'h0000035d 'h0000018d 'h00000045 'h0000023b 'h000003d1 'h000000c5 'h00000054 'h00000390 'h00000185 'h00000373 'h000002e9 'h00000318  >
A[   2,:] <V 'h000000d9 'h0000038f 'h00000135 'h000002f7 'h00000299 'h000002a8 'h0000000a 'h00000143 'h0000010e 'h000002c4 'h00000085 'h00000111 'h00000293 'h0000023f 'h0000034d 'h0000001d  >
B[   2,:] <V 'h00000244 'h00000291 'h00000240 'h000000fa 'h000000e1 'h00000377 'h000002d4 'h000002cd 'h000001a7 'h0000030d 'h00000232 'h000002d7 'h000003db 'h00000380 'h000000c7 'h00000122  >
A[   3,:] <V 'h00000137 'h00000311 'h00000383 'h000002ff 'h000003eb 'h00000209 'h0000029f 'h000000fe 'h000002e1 'h00000328 'h0000011a 'h00000234 'h00000239 'h00000013 'h000002a3 'h00000291  >
B[   3,:] <V 'h0000002c 'h000002c4 'h000000a8 'h000000b9 'h00000294 'h0000003f 'h00000168 'h000002c8 'h0000000a 'h00000216 'h00000216 'h00000135 'h00000047 'h000000e9 'h00000390 'h000002bf  >
A[   4,:] <V 'h00000335 'h00000179 'h00000122 'h000000ec 'h00000024 'h00000156 'h000000ca 'h00000305 'h00000384 'h000002bd 'h0000010f 'h00000124 'h0000028c 'h00000021 'h00000394 'h000001f8  >
B[   4,:] <V 'h0000003b 'h00000057 'h0000016a 'h00000388 'h0000011e 'h00000369 'h0000011a 'h000001cb 'h000001cd 'h00000126 'h0000006d 'h00000316 'h00000010 'h000001fa 'h000001a0 'h00000140  >
A[   5,:] <V 'h000001f9 'h000002db 'h0000037c 'h00000247 'h00000023 'h00000341 'h00000158 'h00000141 'h000001be 'h00000107 'h000001e2 'h000001ac 'h000003df 'h000003d6 'h000003ec 'h0000039b  >
B[   5,:] <V 'h0000031e 'h00000249 'h00000126 'h00000139 'h000001a7 'h000003d6 'h00000141 'h00000293 'h0000025d 'h00000094 'h00000275 'h000000d6 'h00000246 'h00000005 'h000002fd 'h000002d0  >
A[   6,:] <V 'h00000193 'h0000021d 'h00000393 'h0000014e 'h000003c2 'h000000f4 'h0000000d 'h000002c8 'h00000062 'h0000028a 'h0000037a 'h00000158 'h00000117 'h00000128 'h0000031e 'h0000005a  >
B[   6,:] <V 'h000000fb 'h00000298 'h00000277 'h000003e8 'h0000013f 'h0000010d 'h00000228 'h00000043 'h00000143 'h000001e5 'h00000288 'h0000009e 'h0000037b 'h00000366 'h00000305 'h000003ab  >
A[   7,:] <V 'h0000016f 'h000001a8 'h0000020c 'h00000058 'h0000016d 'h00000094 'h00000396 'h000003c2 'h00000084 'h000000e6 'h00000110 'h000001ac 'h00000227 'h00000025 'h0000035d 'h000002f5  >
B[   7,:] <V 'h0000003b 'h000002ba 'h000002ae 'h00000333 'h000002b6 'h000001c2 'h00000208 'h000001d9 'h00000375 'h000002e3 'h000002f8 'h00000141 'h00000223 'h00000329 'h0000021d 'h0000008e  >
A[   8,:] <V 'h00000253 'h00000068 'h0000022a 'h00000312 'h000001db 'h000002e8 'h00000061 'h000001fa 'h000003ef 'h000000e8 'h00000082 'h000002ba 'h0000016c 'h00000056 'h00000080 'h000000bc  >
B[   8,:] <V 'h00000344 'h00000381 'h0000002e 'h000002dd 'h000000e3 'h000001ac 'h000000e9 'h0000003e 'h0000002e 'h000001e9 'h0000029f 'h00000203 'h000002dd 'h000000bc 'h00000224 'h000002ae  >
A[   9,:] <V 'h00000178 'h00000143 'h000000f8 'h00000188 'h00000271 'h0000016a 'h000001ca 'h00000258 'h00000247 'h00000361 'h000000d3 'h000000d5 'h00000304 'h000000c2 'h000002d8 'h000003b9  >
B[   9,:] <V 'h00000013 'h00000240 'h0000007a 'h000001c8 'h000002b2 'h000003a6 'h000003fe 'h000003af 'h000003be 'h00000121 'h000003cd 'h0000011a 'h00000046 'h000000dc 'h0000013e 'h0000001b  >
A[  10,:] <V 'h0000038c 'h00000250 'h00000052 'h00000151 'h00000222 'h00000005 'h000000de 'h00000075 'h000002cf 'h00000235 'h000002e0 'h000000aa 'h00000028 'h0000008e 'h00000295 'h000001db  >
B[  10,:] <V 'h0000009a 'h00000154 'h000001da 'h0000004d 'h00000231 'h000000e0 'h000003da 'h0000005c 'h00000280 'h0000009e 'h00000318 'h000001d4 'h00000378 'h00000040 'h000001a2 'h0000027e  >
A[  11,:] <V 'h000001a6 'h00000269 'h000003bc 'h000001ba 'h0000030a 'h00000145 'h000002cd 'h00000159 'h000003a5 'h0000032c 'h0000006d 'h000002fd 'h00000016 'h00000385 'h00000118 'h00000025  >
B[  11,:] <V 'h00000038 'h000003ad 'h0000028a 'h0000001f 'h00000147 'h000003e1 'h0000034b 'h00000185 'h000001bb 'h00000171 'h000003d7 'h000002f6 'h00000352 'h00000328 'h000002cf 'h000001fa  >
A[  12,:] <V 'h000001b9 'h000002f0 'h00000001 'h000002ac 'h000000fa 'h00000219 'h000001e8 'h000000c5 'h0000028a 'h000002b2 'h0000022c 'h00000299 'h0000006d 'h00000206 'h00000337 'h0000000f  >
B[  12,:] <V 'h00000132 'h00000048 'h00000176 'h0000034c 'h0000002e 'h000002a8 'h00000393 'h000000f9 'h0000030f 'h000000a0 'h000003c9 'h00000329 'h0000020a 'h0000011f 'h000001f8 'h00000150  >
A[  13,:] <V 'h0000006f 'h000000b2 'h000001d9 'h00000055 'h000000a1 'h000001af 'h0000030f 'h00000191 'h0000018b 'h000003be 'h000003ab 'h00000223 'h00000325 'h000000c3 'h000003b5 'h000000a3  >
B[  13,:] <V 'h0000026d 'h0000033a 'h0000022a 'h000002d3 'h000001f1 'h0000016d 'h0000039c 'h0000001c 'h00000149 'h000002bc 'h0000023a 'h00000225 'h000002e5 'h000003db 'h0000031c 'h000001dd  >
A[  14,:] <V 'h000001e2 'h0000024e 'h0000026a 'h0000014d 'h000002d0 'h00000141 'h0000036c 'h000000bc 'h00000275 'h00000354 'h0000009e 'h000002b8 'h00000114 'h000000b2 'h000001de 'h00000047  >
B[  14,:] <V 'h000000f1 'h0000002f 'h000000d3 'h00000004 'h00000116 'h0000018d 'h000003cb 'h000000ae 'h0000008c 'h0000014f 'h0000006e 'h000002ba 'h000000af 'h00000203 'h00000289 'h0000019a  >
A[  15,:] <V 'h0000002b 'h00000366 'h00000233 'h00000203 'h00000090 'h00000234 'h000003c5 'h00000319 'h00000312 'h0000008a 'h000003ac 'h00000313 'h00000250 'h000000a3 'h00000265 'h00000121  >
B[  15,:] <V 'h000002b4 'h0000008c 'h00000150 'h0000016b 'h0000009a 'h0000017d 'h00000363 'h0000006c 'h0000003e 'h0000035a 'h000002de 'h00000372 'h000000b6 'h000000f5 'h0000023a 'h0000004b  >
Rows    0 matches
Rows    1 matches
Rows    2 matches
Rows    3 matches
Rows    4 matches
Rows    5 matches
Rows    6 matches
Rows    7 matches
Rows    8 matches
Rows    9 matches
Rows   10 matches
Rows   11 matches
Rows   12 matches
Rows   13 matches
Rows   14 matches
Rows   15 matches
Test  2 passed
Start test  3
A[   0,:] <V 'h00000381 'h0000029a 'h00000008 'h000000ea 'h00000303 'h0000022c 'h00000195 'h00000041 'h00000292 'h000000c4 'h0000022a 'h000000d1 'h0000033c 'h000003b6 'h0000024c 'h000000db  >
B[   0,:] <V 'h0000016b 'h0000024f 'h0000011b 'h0000007f 'h000003fc 'h00000312 'h000002ac 'h0000004b 'h00000236 'h0000009f 'h000000be 'h00000363 'h00000394 'h00000006 'h0000006b 'h000003c0  >
A[   1,:] <V 'h00000250 'h00000223 'h00000181 'h00000222 'h000003e1 'h00000390 'h000000fa 'h000001f7 'h000001c0 'h000002c8 'h000003c1 'h000002eb 'h00000140 'h0000004b 'h00000299 'h000003c5  >
B[   1,:] <V 'h00000251 'h000003de 'h00000257 'h000003c1 'h00000346 'h0000038e 'h00000293 'h0000028a 'h0000008d 'h00000278 'h00000246 'h000002fb 'h000003a9 'h000000f0 'h00000303 'h0000001b  >
A[   2,:] <V 'h0000007c 'h00000278 'h00000145 'h0000030a 'h0000022d 'h000001be 'h000003c2 'h00000246 'h000001ac 'h000000c6 'h0000002e 'h00000045 'h00000375 'h000000fe 'h00000380 'h000001a2  >
B[   2,:] <V 'h00000282 'h0000001a 'h0000009c 'h00000165 'h00000006 'h000002b7 'h000003af 'h00000332 'h00000249 'h000001e3 'h0000016b 'h000001b1 'h0000004e 'h000002c6 'h00000223 'h00000020  >
A[   3,:] <V 'h00000069 'h000000db 'h000000a7 'h000003ce 'h000003d4 'h00000051 'h000003dd 'h00000331 'h00000126 'h000001c2 'h000002b7 'h000002cc 'h00000030 'h0000029f 'h00000075 'h00000386  >
B[   3,:] <V 'h0000034d 'h000001f9 'h00000394 'h000001f8 'h00000227 'h00000302 'h0000019f 'h000000f0 'h000000e6 'h00000360 'h000000c6 'h0000023d 'h00000043 'h000001b3 'h00000355 'h00000143  >
A[   4,:] <V 'h0000034b 'h000003df 'h00000331 'h000003f6 'h00000200 'h0000008b 'h00000026 'h00000147 'h000001d8 'h000000e6 'h00000363 'h000003ec 'h00000321 'h00000099 'h00000358 'h0000026b  >
B[   4,:] <V 'h000002ac 'h000003c7 'h000000fa 'h000002cb 'h000000f3 'h000001ed 'h000002b6 'h00000081 'h00000192 'h00000022 'h0000033e 'h00000344 'h00000313 'h00000130 'h000002d9 'h00000349  >
A[   5,:] <V 'h0000010d 'h00000091 'h000000f9 'h0000010d 'h00000009 'h000002c0 'h0000014d 'h00000035 'h000003fa 'h000000d0 'h000001a0 'h00000055 'h00000015 'h000002b7 'h000001fa 'h00000160  >
B[   5,:] <V 'h0000001b 'h00000004 'h000002f3 'h0000037a 'h00000097 'h0000010e 'h000002e8 'h000001d5 'h0000022b 'h00000138 'h000003a9 'h00000287 'h0000026a 'h00000131 'h00000210 'h00000210  >
A[   6,:] <V 'h000000d6 'h000002a7 'h00000270 'h000000e9 'h00000065 'h000002a3 'h0000032a 'h000000c7 'h00000254 'h00000290 'h000001e9 'h00000067 'h00000211 'h000001bf 'h0000019b 'h0000032c  >
B[   6,:] <V 'h00000289 'h00000366 'h0000013d 'h00000396 'h00000098 'h00000230 'h00000218 'h0000023c 'h0000029d 'h00000041 'h00000083 'h00000313 'h00000236 'h00000236 'h00000247 'h000001d7  >
A[   7,:] <V 'h000000f2 'h000000f4 'h00000365 'h0000019d 'h00000364 'h0000034c 'h000001c0 'h000001bb 'h000000ba 'h000003a3 'h000000ff 'h00000185 'h00000016 'h000003d6 'h00000205 'h000002b5  >
B[   7,:] <V 'h00000252 'h00000128 'h0000015d 'h000003b7 'h0000029f 'h00000016 'h000001f4 'h00000398 'h0000017b 'h000003e7 'h0000000f 'h00000012 'h00000101 'h000000ef 'h000003ad 'h00000259  >
A[   8,:] <V 'h000002b1 'h000000b1 'h00000066 'h000002a2 'h000003f7 'h0000002e 'h00000287 'h00000061 'h00000373 'h0000011d 'h00000366 'h0000004c 'h000000de 'h00000130 'h000000fa 'h00000100  >
B[   8,:] <V 'h00000357 'h000002e3 'h00000013 'h00000213 'h0000007e 'h000002f3 'h000000b5 'h0000035c 'h00000246 'h00000124 'h00000175 'h0000022c 'h0000001c 'h0000031a 'h00000346 'h00000090  >
A[   9,:] <V 'h0000014c 'h0000014f 'h0000020a 'h0000035c 'h000000a3 'h00000215 'h00000285 'h0000006e 'h000002d7 'h00000016 'h000001ea 'h0000006a 'h00000024 'h00000340 'h000000a8 'h00000227  >
B[   9,:] <V 'h00000187 'h0000025a 'h00000151 'h000002ed 'h00000076 'h0000026f 'h0000005c 'h000001e8 'h0000037b 'h0000027d 'h00000136 'h000002de 'h000001d7 'h00000307 'h00000292 'h00000198  >
A[  10,:] <V 'h00000025 'h00000046 'h0000011d 'h000000d7 'h0000004b 'h000000e7 'h0000030a 'h000003a9 'h0000028e 'h0000010f 'h0000036a 'h0000012a 'h00000001 'h000001ed 'h000000ff 'h000001dc  >
B[  10,:] <V 'h000001a9 'h000002b1 'h00000018 'h000001ad 'h000001ca 'h00000011 'h0000017e 'h000000ac 'h0000023d 'h00000115 'h000001bc 'h000001a6 'h00000339 'h0000039d 'h00000168 'h00000006  >
A[  11,:] <V 'h000000f8 'h000002c1 'h000003a6 'h00000373 'h0000020e 'h00000007 'h0000013e 'h00000126 'h000002d5 'h0000012d 'h00000233 'h000002a0 'h000002f3 'h00000069 'h00000274 'h000002dd  >
B[  11,:] <V 'h00000159 'h000003fe 'h0000037a 'h00000377 'h000003c7 'h000003e9 'h000001cc 'h00000325 'h000001c2 'h00000200 'h0000017e 'h00000110 'h00000306 'h00000268 'h00000198 'h00000190  >
A[  12,:] <V 'h000001ad 'h00000359 'h000001f9 'h000002d5 'h00000166 'h0000039b 'h0000016a 'h0000025e 'h000003e9 'h00000305 'h0000039c 'h00000065 'h00000318 'h000000ec 'h000002ac 'h000001b9  >
B[  12,:] <V 'h000003f0 'h00000047 'h0000002d 'h00000218 'h00000384 'h00000333 'h00000311 'h00000083 'h00000335 'h0000015d 'h00000070 'h00000313 'h0000014a 'h000000f3 'h0000039a 'h00000336  >
A[  13,:] <V 'h0000015c 'h000000bc 'h00000046 'h0000009b 'h0000022e 'h000000e9 'h0000025f 'h000000f3 'h00000124 'h00000256 'h00000194 'h000002fe 'h000001a6 'h00000154 'h000001c6 'h00000206  >
B[  13,:] <V 'h00000190 'h000002ce 'h00000393 'h000002e5 'h0000029f 'h00000161 'h000003c7 'h00000139 'h00000185 'h0000009a 'h00000263 'h000001b9 'h00000373 'h0000028c 'h000002e5 'h00000099  >
A[  14,:] <V 'h00000154 'h0000021e 'h0000007e 'h000000ed 'h0000025f 'h00000383 'h000002fd 'h0000021f 'h000001ae 'h0000023c 'h00000149 'h000003df 'h00000195 'h00000352 'h0000025c 'h000001e2  >
B[  14,:] <V 'h00000072 'h00000125 'h00000060 'h000003a0 'h00000081 'h000002e8 'h00000248 'h00000375 'h000002ef 'h00000188 'h00000390 'h00000058 'h00000254 'h00000219 'h000001a4 'h0000009d  >
A[  15,:] <V 'h00000308 'h000001eb 'h000001e2 'h00000069 'h0000027d 'h000002be 'h0000032f 'h000003a5 'h0000031f 'h00000123 'h000002a0 'h00000117 'h0000038d 'h00000129 'h000001b2 'h0000008c  >
B[  15,:] <V 'h000001d5 'h000001e2 'h000003e9 'h00000222 'h00000009 'h000002b1 'h00000069 'h0000038e 'h00000192 'h0000016c 'h00000254 'h0000017a 'h000002e4 'h00000087 'h0000018b 'h000003cf  >
Rows    0 matches
Rows    1 matches
Rows    2 matches
Rows    3 matches
Rows    4 matches
Rows    5 matches
Rows    6 matches
Rows    7 matches
Rows    8 matches
Rows    9 matches
Rows   10 matches
Rows   11 matches
Rows   12 matches
Rows   13 matches
Rows   14 matches
Rows   15 matches
Test  3 passed
Test passed
